[debug] [2025-01-05T05:34:58.577Z] ----------------------------------------------------------------------
[debug] [2025-01-05T05:34:58.581Z] Command:       C:\Program Files\nodejs\node.exe C:\Users\tusha\AppData\Roaming\npm\node_modules\firebase-tools\lib\bin\firebase.js use --add
[debug] [2025-01-05T05:34:58.582Z] CLI Version:   13.29.1
[debug] [2025-01-05T05:34:58.582Z] Platform:      win32
[debug] [2025-01-05T05:34:58.582Z] Node Version:  v22.12.0
[debug] [2025-01-05T05:34:58.582Z] Time:          Sun Jan 05 2025 11:04:58 GMT+0530 (India Standard Time)
[debug] [2025-01-05T05:34:58.582Z] ----------------------------------------------------------------------
[debug] 
[debug] [2025-01-05T05:34:58.673Z] > command requires scopes: ["email","openid","https://www.googleapis.com/auth/cloudplatformprojects.readonly","https://www.googleapis.com/auth/firebase","https://www.googleapis.com/auth/cloud-platform"]
[debug] [2025-01-05T05:34:58.674Z] > authorizing via signed-in user (goswamitushar00000@gmail.com)
[debug] [2025-01-05T05:34:58.676Z] Checked if tokens are valid: true, expires at: 1736058600903
[debug] [2025-01-05T05:34:58.676Z] Checked if tokens are valid: true, expires at: 1736058600903
[debug] [2025-01-05T05:34:58.678Z] >>> [apiv2][query] GET https://firebase.googleapis.com/v1beta1/projects pageSize=1000
[debug] [2025-01-05T05:34:59.456Z] <<< [apiv2][status] GET https://firebase.googleapis.com/v1beta1/projects 200
[debug] [2025-01-05T05:34:59.457Z] <<< [apiv2][body] GET https://firebase.googleapis.com/v1beta1/projects [omitted]
[debug] [2025-01-05T05:35:08.181Z] TypeError: Cannot read properties of undefined (reading 'value')
    at ListPrompt.getCurrentValue (C:\Users\tusha\AppData\Roaming\npm\node_modules\firebase-tools\node_modules\inquirer\lib\prompts\list.js:145:53)
    at C:\Users\tusha\AppData\Roaming\npm\node_modules\firebase-tools\node_modules\rxjs\dist\cjs\internal\operators\map.js:10:37
    at OperatorSubscriber._this._next (C:\Users\tusha\AppData\Roaming\npm\node_modules\firebase-tools\node_modules\rxjs\dist\cjs\internal\operators\OperatorSubscriber.js:33:21)
    at Subscriber.next (C:\Users\tusha\AppData\Roaming\npm\node_modules\firebase-tools\node_modules\rxjs\dist\cjs\internal\Subscriber.js:51:18)
    at C:\Users\tusha\AppData\Roaming\npm\node_modules\firebase-tools\node_modules\rxjs\dist\cjs\internal\operators\take.js:15:32
    at OperatorSubscriber._this._next (C:\Users\tusha\AppData\Roaming\npm\node_modules\firebase-tools\node_modules\rxjs\dist\cjs\internal\operators\OperatorSubscriber.js:33:21)
    at Subscriber.next (C:\Users\tusha\AppData\Roaming\npm\node_modules\firebase-tools\node_modules\rxjs\dist\cjs\internal\Subscriber.js:51:18)
    at Interface.handler (C:\Users\tusha\AppData\Roaming\npm\node_modules\firebase-tools\node_modules\rxjs\dist\cjs\internal\observable\fromEvent.js:59:31)
    at Interface.emit (node:events:536:35)
    at Interface.emit (node:domain:489:12)
[error] 
[error] Error: An unexpected error has occurred.
[debug] [2025-01-05T05:35:15.403Z] ----------------------------------------------------------------------
[debug] [2025-01-05T05:35:15.408Z] Command:       C:\Program Files\nodejs\node.exe C:\Users\tusha\AppData\Roaming\npm\node_modules\firebase-tools\lib\bin\firebase.js use --add
[debug] [2025-01-05T05:35:15.409Z] CLI Version:   13.29.1
[debug] [2025-01-05T05:35:15.409Z] Platform:      win32
[debug] [2025-01-05T05:35:15.410Z] Node Version:  v22.12.0
[debug] [2025-01-05T05:35:15.410Z] Time:          Sun Jan 05 2025 11:05:15 GMT+0530 (India Standard Time)
[debug] [2025-01-05T05:35:15.411Z] ----------------------------------------------------------------------
[debug] 
[debug] [2025-01-05T05:35:15.504Z] > command requires scopes: ["email","openid","https://www.googleapis.com/auth/cloudplatformprojects.readonly","https://www.googleapis.com/auth/firebase","https://www.googleapis.com/auth/cloud-platform"]
[debug] [2025-01-05T05:35:15.504Z] > authorizing via signed-in user (goswamitushar00000@gmail.com)
[debug] [2025-01-05T05:35:15.506Z] Checked if tokens are valid: true, expires at: 1736058600903
[debug] [2025-01-05T05:35:15.507Z] Checked if tokens are valid: true, expires at: 1736058600903
[debug] [2025-01-05T05:35:15.508Z] >>> [apiv2][query] GET https://firebase.googleapis.com/v1beta1/projects pageSize=1000
[debug] [2025-01-05T05:35:16.554Z] <<< [apiv2][status] GET https://firebase.googleapis.com/v1beta1/projects 200
[debug] [2025-01-05T05:35:16.554Z] <<< [apiv2][body] GET https://firebase.googleapis.com/v1beta1/projects [omitted]
[debug] [2025-01-05T05:35:32.406Z] TypeError: Cannot read properties of undefined (reading 'value')
    at ListPrompt.getCurrentValue (C:\Users\tusha\AppData\Roaming\npm\node_modules\firebase-tools\node_modules\inquirer\lib\prompts\list.js:145:53)
    at C:\Users\tusha\AppData\Roaming\npm\node_modules\firebase-tools\node_modules\rxjs\dist\cjs\internal\operators\map.js:10:37
    at OperatorSubscriber._this._next (C:\Users\tusha\AppData\Roaming\npm\node_modules\firebase-tools\node_modules\rxjs\dist\cjs\internal\operators\OperatorSubscriber.js:33:21)
    at Subscriber.next (C:\Users\tusha\AppData\Roaming\npm\node_modules\firebase-tools\node_modules\rxjs\dist\cjs\internal\Subscriber.js:51:18)
    at C:\Users\tusha\AppData\Roaming\npm\node_modules\firebase-tools\node_modules\rxjs\dist\cjs\internal\operators\take.js:15:32
    at OperatorSubscriber._this._next (C:\Users\tusha\AppData\Roaming\npm\node_modules\firebase-tools\node_modules\rxjs\dist\cjs\internal\operators\OperatorSubscriber.js:33:21)
    at Subscriber.next (C:\Users\tusha\AppData\Roaming\npm\node_modules\firebase-tools\node_modules\rxjs\dist\cjs\internal\Subscriber.js:51:18)
    at Interface.handler (C:\Users\tusha\AppData\Roaming\npm\node_modules\firebase-tools\node_modules\rxjs\dist\cjs\internal\observable\fromEvent.js:59:31)
    at Interface.emit (node:events:536:35)
    at Interface.emit (node:domain:489:12)
[error] 
[error] Error: An unexpected error has occurred.
[debug] [2025-01-05T05:35:38.006Z] ----------------------------------------------------------------------
[debug] [2025-01-05T05:35:38.010Z] Command:       C:\Program Files\nodejs\node.exe C:\Users\tusha\AppData\Roaming\npm\node_modules\firebase-tools\lib\bin\firebase.js use --add
[debug] [2025-01-05T05:35:38.011Z] CLI Version:   13.29.1
[debug] [2025-01-05T05:35:38.011Z] Platform:      win32
[debug] [2025-01-05T05:35:38.011Z] Node Version:  v22.12.0
[debug] [2025-01-05T05:35:38.012Z] Time:          Sun Jan 05 2025 11:05:38 GMT+0530 (India Standard Time)
[debug] [2025-01-05T05:35:38.012Z] ----------------------------------------------------------------------
[debug] 
[debug] [2025-01-05T05:35:38.095Z] > command requires scopes: ["email","openid","https://www.googleapis.com/auth/cloudplatformprojects.readonly","https://www.googleapis.com/auth/firebase","https://www.googleapis.com/auth/cloud-platform"]
[debug] [2025-01-05T05:35:38.095Z] > authorizing via signed-in user (goswamitushar00000@gmail.com)
[debug] [2025-01-05T05:35:38.097Z] Checked if tokens are valid: true, expires at: 1736058600903
[debug] [2025-01-05T05:35:38.097Z] Checked if tokens are valid: true, expires at: 1736058600903
[debug] [2025-01-05T05:35:38.099Z] >>> [apiv2][query] GET https://firebase.googleapis.com/v1beta1/projects pageSize=1000
[debug] [2025-01-05T05:35:39.083Z] <<< [apiv2][status] GET https://firebase.googleapis.com/v1beta1/projects 200
[debug] [2025-01-05T05:35:39.083Z] <<< [apiv2][body] GET https://firebase.googleapis.com/v1beta1/projects [omitted]
[debug] [2025-01-05T05:35:43.241Z] TypeError: Cannot read properties of undefined (reading 'value')
    at ListPrompt.getCurrentValue (C:\Users\tusha\AppData\Roaming\npm\node_modules\firebase-tools\node_modules\inquirer\lib\prompts\list.js:145:53)
    at C:\Users\tusha\AppData\Roaming\npm\node_modules\firebase-tools\node_modules\rxjs\dist\cjs\internal\operators\map.js:10:37
    at OperatorSubscriber._this._next (C:\Users\tusha\AppData\Roaming\npm\node_modules\firebase-tools\node_modules\rxjs\dist\cjs\internal\operators\OperatorSubscriber.js:33:21)
    at Subscriber.next (C:\Users\tusha\AppData\Roaming\npm\node_modules\firebase-tools\node_modules\rxjs\dist\cjs\internal\Subscriber.js:51:18)
    at C:\Users\tusha\AppData\Roaming\npm\node_modules\firebase-tools\node_modules\rxjs\dist\cjs\internal\operators\take.js:15:32
    at OperatorSubscriber._this._next (C:\Users\tusha\AppData\Roaming\npm\node_modules\firebase-tools\node_modules\rxjs\dist\cjs\internal\operators\OperatorSubscriber.js:33:21)
    at Subscriber.next (C:\Users\tusha\AppData\Roaming\npm\node_modules\firebase-tools\node_modules\rxjs\dist\cjs\internal\Subscriber.js:51:18)
    at Interface.handler (C:\Users\tusha\AppData\Roaming\npm\node_modules\firebase-tools\node_modules\rxjs\dist\cjs\internal\observable\fromEvent.js:59:31)
    at Interface.emit (node:events:536:35)
    at Interface.emit (node:domain:489:12)
[error] 
[error] Error: An unexpected error has occurred.
[debug] [2025-01-05T05:35:56.573Z] ----------------------------------------------------------------------
[debug] [2025-01-05T05:35:56.577Z] Command:       C:\Program Files\nodejs\node.exe C:\Users\tusha\AppData\Roaming\npm\node_modules\firebase-tools\lib\bin\firebase.js deploy
[debug] [2025-01-05T05:35:56.578Z] CLI Version:   13.29.1
[debug] [2025-01-05T05:35:56.578Z] Platform:      win32
[debug] [2025-01-05T05:35:56.579Z] Node Version:  v22.12.0
[debug] [2025-01-05T05:35:56.579Z] Time:          Sun Jan 05 2025 11:05:56 GMT+0530 (India Standard Time)
[debug] [2025-01-05T05:35:56.579Z] ----------------------------------------------------------------------
[debug] 
[debug] [2025-01-05T05:35:56.675Z] > command requires scopes: ["email","openid","https://www.googleapis.com/auth/cloudplatformprojects.readonly","https://www.googleapis.com/auth/firebase","https://www.googleapis.com/auth/cloud-platform"]
[debug] [2025-01-05T05:35:56.675Z] > authorizing via signed-in user (goswamitushar00000@gmail.com)
[debug] [2025-01-05T05:35:56.676Z] [iam] checking project netflix-clone-9119a for permissions ["firebase.projects.get","firebasehosting.sites.update"]
[debug] [2025-01-05T05:35:56.677Z] Checked if tokens are valid: true, expires at: 1736058600903
[debug] [2025-01-05T05:35:56.677Z] Checked if tokens are valid: true, expires at: 1736058600903
[debug] [2025-01-05T05:35:56.679Z] >>> [apiv2][query] POST https://cloudresourcemanager.googleapis.com/v1/projects/netflix-clone-9119a:testIamPermissions [none]
[debug] [2025-01-05T05:35:56.679Z] >>> [apiv2][(partial)header] POST https://cloudresourcemanager.googleapis.com/v1/projects/netflix-clone-9119a:testIamPermissions x-goog-quota-user=projects/netflix-clone-9119a
[debug] [2025-01-05T05:35:56.679Z] >>> [apiv2][body] POST https://cloudresourcemanager.googleapis.com/v1/projects/netflix-clone-9119a:testIamPermissions {"permissions":["firebase.projects.get","firebasehosting.sites.update"]}
[debug] [2025-01-05T05:35:58.439Z] <<< [apiv2][status] POST https://cloudresourcemanager.googleapis.com/v1/projects/netflix-clone-9119a:testIamPermissions 200
[debug] [2025-01-05T05:35:58.440Z] <<< [apiv2][body] POST https://cloudresourcemanager.googleapis.com/v1/projects/netflix-clone-9119a:testIamPermissions {}
[debug] [2025-01-05T05:35:58.440Z] [iam] error while checking permissions, command may fail: Authorization failed. This account is missing the following required permissions on project netflix-clone-9119a:

  firebase.projects.get
  firebasehosting.sites.update
[debug] [2025-01-05T05:35:58.441Z] Checked if tokens are valid: true, expires at: 1736058600903
[debug] [2025-01-05T05:35:58.441Z] Checked if tokens are valid: true, expires at: 1736058600903
[debug] [2025-01-05T05:35:58.441Z] >>> [apiv2][query] GET https://firebase.googleapis.com/v1beta1/projects/netflix-clone-9119a [none]
[debug] [2025-01-05T05:35:59.147Z] <<< [apiv2][status] GET https://firebase.googleapis.com/v1beta1/projects/netflix-clone-9119a 403
[debug] [2025-01-05T05:35:59.147Z] <<< [apiv2][body] GET https://firebase.googleapis.com/v1beta1/projects/netflix-clone-9119a {"error":{"code":403,"message":"The caller does not have permission","status":"PERMISSION_DENIED"}}
[debug] [2025-01-05T05:35:59.148Z] Request to https://firebase.googleapis.com/v1beta1/projects/netflix-clone-9119a had HTTP Error: 403, The caller does not have permission
[debug] [2025-01-05T05:35:59.340Z] FirebaseError: Request to https://firebase.googleapis.com/v1beta1/projects/netflix-clone-9119a had HTTP Error: 403, The caller does not have permission
    at responseToError (C:\Users\tusha\AppData\Roaming\npm\node_modules\firebase-tools\lib\responseToError.js:52:12)
    at RetryOperation._fn (C:\Users\tusha\AppData\Roaming\npm\node_modules\firebase-tools\lib\apiv2.js:312:77)
    at process.processTicksAndRejections (node:internal/process/task_queues:105:5)
[error] 
[error] Error: Failed to get Firebase project netflix-clone-9119a. Please make sure the project exists and your account has permission to access it.
